<?xml version="1.0" encoding="UTF-8"?>
<!-- Generated by org.testng.reporters.JUnitXMLReporter -->
<testsuite ignored="0" hostname="DESKTOP-CODLMV7" failures="0" tests="4" name="Default test" time="0.224" errors="0" timestamp="2023-02-01T20:34:16 IST">
  <testcase classname="com.bankingproject.loginpage.TestNgDemo" name="testOne" time="0.025"/>
  <testcase classname="com.bankingproject.loginpage.TestNgDemo" name="test1" time="0.002"/>
  <testcase classname="com.bankingproject.loginpage.TestNgDemo" name="testTwo" time="0.003"/>
  <testcase classname="com.bankingproject.loginpage.TestNgDemo" name="test" time="0.002"/>
</testsuite> <!-- Default test -->
